[I]uiman(01-23 14:36:01) C_MENUWND Get key!
[E]uiman(01-23 14:36:02) C_DESKTOP GM_KEYUP reponse.
[I]uiman(01-23 14:36:02) C_MENUWND Get key!
[E]uiman(01-23 14:36:02) C_DESKTOP GM_KEYUP reponse.
[I]uiman(01-23 14:36:02) C_MENUWND Get key!
[E]uiman(01-23 14:36:02) C_DESKTOP GM_KEYUP reponse.
[I]uiman(01-23 14:36:02) C_MENUWND Get key!
[E]uiman(01-23 14:36:03) C_DESKTOP GM_KEYUP reponse.
[I]uiman(01-23 14:36:03) C_MENUWND Get key!
[E]uiman(01-23 14:36:03) C_DESKTOP GM_KEYUP reponse.
[I]uiman(01-23 14:36:03) C_MENUWND Get key!
[E]uiman(01-23 14:36:04) C_DESKTOP GM_KEYUP reponse.
[I]uiman(01-23 14:36:04) C_MENUWND Get key!
[E]uiman(01-23 14:36:04) C_DESKTOP GM_KEYUP reponse.
[I]uiman(01-23 14:36:04) C_MENUWND Get key!
[E]uiman(01-23 14:36:04) C_DESKTOP GM_KEYUP reponse.
[I]uiman(01-23 14:36:04) C_MENUWND Get key!
[E]uiman(01-23 14:36:05) C_DESKTOP GM_KEYUP reponse.
[I]uiman(01-23 14:36:05) C_MENUWND Get key!
[E]uiman(01-23 14:36:05) C_DESKTOP GM_KEYUP reponse.
[I]uiman(01-23 14:36:05) C_MENUWND Get key!
[E]uiman(01-23 14:36:05) C_DESKTOP GM_KEYUP reponse.
[I]uiman(01-23 14:36:05) C_MENUWND Get key!
[E]uiman(01-23 14:36:06) C_DESKTOP GM_KEYUP reponse.
[I]uiman(01-23 14:36:06) C_MENUWND Get key!
[E]uiman(01-23 14:36:06) C_DESKTOP GM_KEYUP reponse.
[I]uiman(01-23 14:36:06) C_MENUWND Get key!
[E]uiman(01-23 14:36:07) C_DESKTOP GM_KEYUP reponse.
[I]uiman(01-23 14:36:07) C_MENUWND Get key!
[E]uiman(01-23 14:36:07) C_DESKTOP GM_KEYUP reponse.
[I]uiman(01-23 14:36:07) C_MENUWND Get key!
[E]uiman(01-23 14:36:07) C_DESKTOP GM_KEYUP reponse.
[I]uiman(01-23 14:36:07) C_MENUWND Get key!
[E]uiman(01-23 15:40:43) C_DESKTOP GM_KEYUP reponse.
[I]uiman(01-23 15:40:44) C_MENUWND Get key!
[E]uiman(01-23 15:40:44) C_DESKTOP GM_KEYUP reponse.
[I]uiman(01-23 15:40:44) C_MENUWND Get key!
[E]uiman(01-23 15:40:44) C_DESKTOP GM_KEYUP reponse.
[I]uiman(01-23 15:40:44) C_MENUWND Get key!
[E]uiman(01-23 15:40:45) C_DESKTOP GM_KEYUP reponse.
[I]uiman(01-23 15:40:45) C_MENUWND Get key!
[E]uiman(01-23 15:40:45) C_DESKTOP GM_KEYUP reponse.
[I]uiman(01-23 15:40:45) C_MENUWND Get key!
[E]uiman(01-23 15:40:45) C_DESKTOP GM_KEYUP reponse.
[I]uiman(01-23 15:40:46) C_MENUWND Get key!
[E]uiman(01-23 15:40:46) C_DESKTOP GM_KEYUP reponse.
[I]uiman(01-23 15:40:46) C_MENUWND Get key!
[E]uiman(01-23 15:40:46) C_DESKTOP GM_KEYUP reponse.
[I]uiman(01-23 15:40:46) C_MENUWND Get key!
[E]uiman(01-23 15:40:46) C_DESKTOP GM_KEYUP reponse.
[I]uiman(01-23 15:40:47) C_MENUWND Get key!
[E]uiman(01-23 15:40:47) C_DESKTOP GM_KEYUP reponse.
[I]uiman(01-23 15:40:47) C_MENUWND Get key!
[E]uiman(01-23 15:40:47) C_DESKTOP GM_KEYUP reponse.
[I]uiman(01-23 15:40:47) C_MENUWND Get key!
[E]uiman(01-23 15:40:48) C_DESKTOP GM_KEYUP reponse.
[I]uiman(01-23 15:40:48) C_MENUWND Get key!
[E]uiman(01-23 15:40:48) C_DESKTOP GM_KEYUP reponse.
[I]uiman(01-23 15:40:48) C_MENUWND Get key!
[E]uiman(01-23 15:40:48) C_DESKTOP GM_KEYUP reponse.
[I]uiman(01-23 15:40:49) C_MENUWND Get key!
[E]uiman(01-23 15:40:49) C_DESKTOP GM_KEYUP reponse.
[I]uiman(01-23 15:40:49) C_MENUWND Get key!
[E]uiman(01-23 15:40:50) C_DESKTOP GM_KEYUP reponse.
[I]uiman(01-23 15:40:50) C_MENUWND Get key!
[E]uiman(01-23 15:40:50) C_DESKTOP GM_KEYUP reponse.
[I]uiman(01-23 15:40:50) C_MENUWND Get key!
[E]uiman(01-23 15:40:50) C_DESKTOP GM_KEYUP reponse.
[I]uiman(01-23 15:40:51) C_MENUWND Get key!
[E]uiman(01-23 15:40:51) C_DESKTOP GM_KEYUP reponse.
[I]uiman(01-23 15:40:51) C_MENUWND Get key!
[E]uiman(01-23 15:40:51) C_DESKTOP GM_KEYUP reponse.
[I]uiman(01-23 15:40:52) C_MENUWND Get key!
[E]uiman(01-23 15:40:52) C_DESKTOP GM_KEYUP reponse.
[I]uiman(01-23 15:40:52) C_MENUWND Get key!
[E]uiman(01-23 15:40:52) C_DESKTOP GM_KEYUP reponse.
[I]uiman(01-23 15:40:52) C_MENUWND Get key!
[E]uiman(01-23 15:40:53) C_DESKTOP GM_KEYUP reponse.
[E]uiman(01-23 15:48:49) C_DESKTOP GM_KEYUP reponse.
[I]uiman(01-23 15:48:49) C_MENUWND Get key!
[E]uiman(01-23 15:48:49) C_DESKTOP GM_KEYUP reponse.
[I]uiman(01-23 15:48:50) C_MENUWND Get key!
[E]uiman(01-23 15:48:50) C_DESKTOP GM_KEYUP reponse.
[I]uiman(01-23 15:48:50) C_MENUWND Get key!
[E]uiman(01-23 15:48:50) C_DESKTOP GM_KEYUP reponse.
[I]uiman(01-23 15:48:51) C_MENUWND Get key!
[E]uiman(01-23 15:48:52) C_DESKTOP GM_KEYUP reponse.
[I]uiman(01-23 15:48:52) C_MENUWND Get key!
[E]uiman(01-23 15:48:53) C_DESKTOP GM_KEYUP reponse.
[I]uiman(01-23 15:48:53) C_MENUWND Get key!
[E]uiman(01-23 15:48:53) C_DESKTOP GM_KEYUP reponse.
[I]uiman(01-23 15:48:53) C_MENUWND Get key!
[E]uiman(01-23 15:48:54) C_DESKTOP GM_KEYUP reponse.
[I]uiman(01-23 15:48:54) C_MENUWND Get key!
[E]uiman(01-23 15:48:54) C_DESKTOP GM_KEYUP reponse.
[I]uiman(01-23 15:48:55) C_MENUWND Get key!
[E]uiman(01-23 15:48:55) C_DESKTOP GM_KEYUP reponse.
[I]uiman(01-23 15:49:00) C_MENUWND Get key!
[E]uiman(01-23 15:49:01) C_DESKTOP GM_KEYUP reponse.
[I]uiman(01-23 15:49:01) C_MENUWND Get key!
[E]uiman(01-23 15:49:01) C_DESKTOP GM_KEYUP reponse.
[I]uiman(01-23 15:49:02) C_MENUWND Get key!
[E]uiman(01-23 15:49:02) C_DESKTOP GM_KEYUP reponse.
[I]uiman(01-23 15:49:02) C_MENUWND Get key!
[E]uiman(01-23 15:49:02) C_DESKTOP GM_KEYUP reponse.
[I]uiman(01-23 15:49:02) C_MENUWND Get key!
[E]uiman(01-23 15:49:03) C_DESKTOP GM_KEYUP reponse.
[I]uiman(01-23 15:49:03) C_MENUWND Get key!
[E]uiman(01-23 15:49:03) C_DESKTOP GM_KEYUP reponse.
[I]uiman(01-23 15:49:03) C_MENUWND Get key!
[E]uiman(01-23 15:49:03) C_DESKTOP GM_KEYUP reponse.
[I]uiman(01-23 15:49:04) C_MENUWND Get key!
[E]uiman(01-23 15:49:04) C_DESKTOP GM_KEYUP reponse.
[I]uiman(01-23 15:49:04) C_MENUWND Get key!
[E]uiman(01-23 15:49:04) C_DESKTOP GM_KEYUP reponse.
[I]uiman(01-23 15:49:04) C_MENUWND Get key!
[E]uiman(01-23 15:49:05) C_DESKTOP GM_KEYUP reponse.
[I]uiman(01-23 15:49:05) C_MENUWND Get key!
[E]uiman(01-23 15:49:05) C_DESKTOP GM_KEYUP reponse.
[I]uiman(01-23 15:49:05) C_MENUWND Get key!
[E]uiman(01-23 15:49:05) C_DESKTOP GM_KEYUP reponse.
[I]uiman(01-23 15:49:06) C_MENUWND Get key!
[E]uiman(01-23 15:49:06) C_DESKTOP GM_KEYUP reponse.
[I]uiman(01-23 15:49:06) C_MENUWND Get key!
[E]uiman(01-23 15:49:06) C_DESKTOP GM_KEYUP reponse.
[I]uiman(01-23 15:49:07) C_MENUWND Get key!
[E]uiman(01-23 15:49:07) C_DESKTOP GM_KEYUP reponse.
[I]uiman(01-23 15:49:07) C_MENUWND Get key!
[E]uiman(01-23 15:49:08) C_DESKTOP GM_KEYUP reponse.
[I]uiman(01-23 15:49:08) C_MENUWND Get key!
[E]uiman(01-23 15:49:10) C_DESKTOP GM_KEYUP reponse.
[I]uiman(01-23 15:49:10) C_MENUWND Get key!
[E]uiman(01-23 15:49:11) C_DESKTOP GM_KEYUP reponse.
[I]uiman(01-23 15:49:13) C_MENUWND Get key!
[E]uiman(01-23 15:49:17) C_DESKTOP GM_KEYUP reponse.
[I]uiman(01-23 15:49:18) C_MENUWND Get key!
[E]uiman(01-23 15:50:23) C_DESKTOP GM_KEYUP reponse.
[I]uiman(01-23 15:51:18) C_MENUWND Get key!
[E]uiman(01-23 15:51:47) C_DESKTOP GM_KEYUP reponse.
[E]uiman(01-23 15:56:42) C_DESKTOP GM_KEYUP reponse.
[I]uiman(01-23 15:56:45) C_MENUWND Get key!
[E]uiman(01-23 15:56:45) C_DESKTOP GM_KEYUP reponse.
[I]uiman(01-23 15:56:45) C_MENUWND Get key!
[E]uiman(01-23 15:56:46) C_DESKTOP GM_KEYUP reponse.
[I]uiman(01-23 15:56:46) C_MENUWND Get key!
[E]uiman(01-23 15:56:46) C_DESKTOP GM_KEYUP reponse.
[I]uiman(01-23 15:56:46) C_MENUWND Get key!
[E]uiman(01-23 15:56:46) C_DESKTOP GM_KEYUP reponse.
[I]uiman(01-23 15:56:47) C_MENUWND Get key!
[E]uiman(01-23 15:56:47) C_DESKTOP GM_KEYUP reponse.
[I]uiman(01-23 15:56:47) C_MENUWND Get key!
[E]uiman(01-23 15:56:47) C_DESKTOP GM_KEYUP reponse.
[I]uiman(01-23 15:56:47) C_MENUWND Get key!
[E]uiman(01-23 16:11:45) C_DESKTOP GM_KEYUP reponse.
[I]uiman(01-23 16:11:50) C_MENUWND Get key!
[E]uiman(01-23 16:17:11) C_DESKTOP GM_KEYUP reponse.
[I]uiman(01-23 16:17:14) C_MENUWND Get key!
[E]uiman(01-23 16:18:51) C_DESKTOP GM_KEYUP reponse.
[I]uiman(01-23 16:18:57) C_MENUWND Get key!
[E]uiman(01-23 16:43:01) C_DESKTOP GM_KEYUP reponse.
[I]uiman(01-23 16:43:01) C_MENUWND Get key!
[E]uiman(01-23 16:43:01) C_DESKTOP GM_KEYUP reponse.
[I]uiman(01-23 16:43:01) C_MENUWND Get key!
[E]uiman(01-23 16:43:02) C_DESKTOP GM_KEYUP reponse.
[E]uiman(01-23 16:58:36) C_DESKTOP GM_KEYUP reponse.
[I]uiman(01-23 16:58:36) C_MENUWND Get key!
[E]uiman(01-23 16:58:37) C_DESKTOP GM_KEYUP reponse.
[I]uiman(01-23 16:58:37) C_MENUWND Get key!
[E]uiman(01-23 16:58:38) C_DESKTOP GM_KEYUP reponse.
[I]uiman(01-23 16:58:38) C_MENUWND Get key!
[E]uiman(01-23 16:58:38) C_DESKTOP GM_KEYUP reponse.
[I]uiman(01-23 16:58:39) C_MENUWND Get key!
[E]uiman(01-23 16:58:39) C_DESKTOP GM_KEYUP reponse.
[I]uiman(01-23 16:58:39) C_MENUWND Get key!
[E]uiman(01-23 16:58:40) C_DESKTOP GM_KEYUP reponse.
[I]uiman(01-23 16:58:40) C_MENUWND Get key!
[E]uiman(01-23 16:58:40) C_DESKTOP GM_KEYUP reponse.
[I]uiman(01-23 16:58:40) C_MENUWND Get key!
[E]uiman(01-23 16:58:40) C_DESKTOP GM_KEYUP reponse.
[I]uiman(01-23 16:58:41) C_MENUWND Get key!
[E]uiman(01-23 16:58:41) C_DESKTOP GM_KEYUP reponse.
[I]uiman(01-23 16:58:41) C_MENUWND Get key!
[E]uiman(01-23 16:58:41) C_DESKTOP GM_KEYUP reponse.
[I]uiman(01-23 16:58:42) C_MENUWND Get key!
[E]uiman(01-23 16:58:42) C_DESKTOP GM_KEYUP reponse.
[I]uiman(01-23 16:58:42) C_MENUWND Get key!
[E]uiman(01-23 16:58:42) C_DESKTOP GM_KEYUP reponse.
[I]uiman(01-23 16:58:43) C_MENUWND Get key!
[E]uiman(01-23 16:58:43) C_DESKTOP GM_KEYUP reponse.
[I]uiman(01-23 16:58:43) C_MENUWND Get key!
[E]uiman(01-23 16:58:43) C_DESKTOP GM_KEYUP reponse.
[I]uiman(01-23 16:58:44) C_MENUWND Get key!
[E]uiman(01-23 16:58:44) C_DESKTOP GM_KEYUP reponse.
[I]uiman(01-23 16:58:44) C_MENUWND Get key!
[E]uiman(01-23 16:58:44) C_DESKTOP GM_KEYUP reponse.
[I]uiman(01-23 16:58:46) C_MENUWND Get key!
[E]uiman(01-23 16:58:46) C_DESKTOP GM_KEYUP reponse.
[I]uiman(01-23 16:58:47) C_MENUWND Get key!
[E]uiman(01-23 16:58:47) C_DESKTOP GM_KEYUP reponse.
[I]uiman(01-23 16:58:47) C_MENUWND Get key!
[E]uiman(01-23 16:58:48) C_DESKTOP GM_KEYUP reponse.
[I]uiman(01-23 16:58:48) C_MENUWND Get key!
[E]uiman(01-23 16:58:49) C_DESKTOP GM_KEYUP reponse.
[I]uiman(01-23 16:58:49) C_MENUWND Get key!
[E]uiman(01-23 16:58:49) C_DESKTOP GM_KEYUP reponse.
[I]uiman(01-23 16:58:49) C_MENUWND Get key!
[E]uiman(01-23 16:58:50) C_DESKTOP GM_KEYUP reponse.
[I]uiman(01-23 16:58:50) C_MENUWND Get key!
[E]uiman(01-23 16:58:50) C_DESKTOP GM_KEYUP reponse.
[I]uiman(01-23 16:58:50) C_MENUWND Get key!
[E]uiman(01-23 16:58:51) C_DESKTOP GM_KEYUP reponse.
[I]uiman(01-23 16:58:51) C_MENUWND Get key!
[E]uiman(01-23 16:58:52) C_DESKTOP GM_KEYUP reponse.
[I]uiman(01-23 16:58:52) C_MENUWND Get key!
[E]uiman(01-23 16:58:53) C_DESKTOP GM_KEYUP reponse.
[I]uiman(01-23 16:58:54) C_MENUWND Get key!
[E]uiman(01-23 16:58:55) C_DESKTOP GM_KEYUP reponse.
[I]uiman(01-23 16:58:55) C_MENUWND Get key!
[E]uiman(01-23 16:58:55) C_DESKTOP GM_KEYUP reponse.
[I]uiman(01-23 16:58:55) C_MENUWND Get key!
[E]uiman(01-23 16:58:56) C_DESKTOP GM_KEYUP reponse.
[I]uiman(01-23 16:58:56) C_MENUWND Get key!
[E]uiman(01-23 16:58:56) C_DESKTOP GM_KEYUP reponse.
[I]uiman(01-23 16:58:56) C_MENUWND Get key!
[E]uiman(01-23 16:58:56) C_DESKTOP GM_KEYUP reponse.
[I]uiman(01-23 16:58:57) C_MENUWND Get key!
[E]uiman(01-23 16:58:57) C_DESKTOP GM_KEYUP reponse.
[I]uiman(01-23 16:58:57) C_MENUWND Get key!
[E]uiman(01-23 16:58:57) C_DESKTOP GM_KEYUP reponse.
[I]uiman(01-23 16:58:57) C_MENUWND Get key!
[E]uiman(01-23 16:58:58) C_DESKTOP GM_KEYUP reponse.
[I]uiman(01-23 16:58:58) C_MENUWND Get key!
[E]uiman(01-23 16:58:58) C_DESKTOP GM_KEYUP reponse.
[I]uiman(01-23 16:58:58) C_MENUWND Get key!
[E]uiman(01-23 16:58:58) C_DESKTOP GM_KEYUP reponse.
[I]uiman(01-23 16:58:59) C_MENUWND Get key!
[E]uiman(01-23 16:58:59) C_DESKTOP GM_KEYUP reponse.
[I]uiman(01-23 16:59:00) C_MENUWND Get key!
[E]uiman(01-23 16:59:01) C_DESKTOP GM_KEYUP reponse.
[I]uiman(01-23 17:00:09) C_MENUWND Get key!
[E]uiman(01-23 17:00:10) C_DESKTOP GM_KEYUP reponse.
[I]uiman(01-23 17:02:18) C_MENUWND Get key!
[E]uiman(01-23 17:02:18) C_DESKTOP GM_KEYUP reponse.
[I]uiman(01-23 17:02:19) C_MENUWND Get key!
[E]uiman(01-23 17:02:19) C_DESKTOP GM_KEYUP reponse.
[I]uiman(01-23 17:02:20) C_MENUWND Get key!
[E]uiman(01-23 17:02:20) C_DESKTOP GM_KEYUP reponse.
[I]uiman(01-23 17:02:20) C_MENUWND Get key!
[E]uiman(01-23 17:02:21) C_DESKTOP GM_KEYUP reponse.
[I]uiman(01-23 17:02:21) C_MENUWND Get key!
[E]uiman(01-23 17:02:22) C_DESKTOP GM_KEYUP reponse.
[I]uiman(01-23 17:02:22) C_MENUWND Get key!
[E]uiman(01-23 17:02:22) C_DESKTOP GM_KEYUP reponse.
[I]uiman(01-23 17:02:23) C_MENUWND Get key!
[E]uiman(01-23 17:02:23) C_DESKTOP GM_KEYUP reponse.
[I]uiman(01-23 17:02:23) C_MENUWND Get key!
[E]uiman(01-23 17:02:24) C_DESKTOP GM_KEYUP reponse.
[I]uiman(01-23 17:02:24) C_MENUWND Get key!
[E]uiman(01-23 17:02:24) C_DESKTOP GM_KEYUP reponse.
[I]uiman(01-23 17:02:25) C_MENUWND Get key!
[E]uiman(01-23 17:02:25) C_DESKTOP GM_KEYUP reponse.
[I]uiman(01-23 17:02:25) C_MENUWND Get key!
[E]uiman(01-23 17:02:26) C_DESKTOP GM_KEYUP reponse.
[I]uiman(01-23 17:02:26) C_MENUWND Get key!
[E]uiman(01-23 17:02:26) C_DESKTOP GM_KEYUP reponse.
[I]uiman(01-23 17:02:26) C_MENUWND Get key!
[E]uiman(01-23 17:02:27) C_DESKTOP GM_KEYUP reponse.
[I]uiman(01-23 17:02:27) C_MENUWND Get key!
[E]uiman(01-23 17:02:27) C_DESKTOP GM_KEYUP reponse.
[I]uiman(01-23 17:02:28) C_MENUWND Get key!
[E]uiman(01-23 17:02:28) C_DESKTOP GM_KEYUP reponse.
[I]uiman(01-23 17:02:28) C_MENUWND Get key!
[E]uiman(01-23 17:02:29) C_DESKTOP GM_KEYUP reponse.
[I]uiman(01-23 17:02:30) C_MENUWND Get key!
[E]uiman(01-23 17:02:30) C_DESKTOP GM_KEYUP reponse.
[I]uiman(01-23 17:02:30) C_MENUWND Get key!
[E]uiman(01-23 17:02:31) C_DESKTOP GM_KEYUP reponse.
[I]uiman(01-23 17:02:31) C_MENUWND Get key!
[E]uiman(01-23 17:02:31) C_DESKTOP GM_KEYUP reponse.
[I]uiman(01-23 17:02:32) C_MENUWND Get key!
[E]uiman(01-23 17:02:32) C_DESKTOP GM_KEYUP reponse.
[I]uiman(01-23 17:02:33) C_MENUWND Get key!
[E]uiman(01-23 17:02:33) C_DESKTOP GM_KEYUP reponse.
[I]uiman(01-23 17:02:33) C_MENUWND Get key!
[E]uiman(01-23 17:02:34) C_DESKTOP GM_KEYUP reponse.
[I]uiman(01-23 17:02:34) C_MENUWND Get key!
[E]uiman(01-23 17:02:34) C_DESKTOP GM_KEYUP reponse.
[I]uiman(01-23 17:02:34) C_MENUWND Get key!
[E]uiman(01-23 17:02:35) C_DESKTOP GM_KEYUP reponse.
[I]uiman(01-23 17:02:35) C_MENUWND Get key!
[E]uiman(01-23 17:02:36) C_DESKTOP GM_KEYUP reponse.
[I]uiman(01-23 17:02:36) C_MENUWND Get key!
[E]uiman(01-23 17:02:36) C_DESKTOP GM_KEYUP reponse.
[I]uiman(01-23 17:02:37) C_MENUWND Get key!
[E]uiman(01-23 17:02:37) C_DESKTOP GM_KEYUP reponse.
[I]uiman(01-23 17:02:38) C_MENUWND Get key!
[E]uiman(01-23 17:02:39) C_DESKTOP GM_KEYUP reponse.
[I]uiman(01-23 17:02:44) C_MENUWND Get key!
[E]uiman(01-23 17:03:19) C_DESKTOP GM_KEYUP reponse.
[I]uiman(01-23 17:03:19) C_MENUWND Get key!
[E]uiman(01-23 17:03:20) C_DESKTOP GM_KEYUP reponse.
[I]uiman(01-23 17:03:20) C_MENUWND Get key!
[E]uiman(01-23 17:03:20) C_DESKTOP GM_KEYUP reponse.
[I]uiman(01-23 17:03:20) C_MENUWND Get key!
[E]uiman(01-23 17:03:21) C_DESKTOP GM_KEYUP reponse.
[I]uiman(01-23 17:03:21) C_MENUWND Get key!
[E]uiman(01-23 17:03:21) C_DESKTOP GM_KEYUP reponse.
[I]uiman(01-23 17:03:21) C_MENUWND Get key!
[E]uiman(01-23 17:03:22) C_DESKTOP GM_KEYUP reponse.
[E]uiman(01-23 19:00:57) C_DESKTOP GM_KEYUP reponse.
[I]uiman(01-23 19:01:00) C_MENUWND Get key!
[E]uiman(01-23 19:03:43) C_DESKTOP GM_KEYUP reponse.
[I]uiman(01-23 19:03:45) C_MENUWND Get key!
[E]uiman(01-23 19:03:46) C_DESKTOP GM_KEYUP reponse.
[I]uiman(01-23 19:03:46) C_MENUWND Get key!
[E]uiman(01-23 19:14:29) C_DESKTOP GM_KEYUP reponse.
[I]uiman(01-23 19:14:30) C_MENUWND Get key!
[E]uiman(01-23 19:14:32) C_DESKTOP GM_KEYUP reponse.
[I]uiman(01-23 19:14:36) C_MENUWND Get key!
[E]uiman(01-23 19:14:39) C_DESKTOP GM_KEYUP reponse.
[I]uiman(01-23 19:14:43) C_MENUWND Get key!
[E]uiman(01-23 19:14:44) C_DESKTOP GM_KEYUP reponse.
[I]uiman(01-23 19:14:44) C_MENUWND Get key!
[E]uiman(01-23 19:14:45) C_DESKTOP GM_KEYUP reponse.
[I]uiman(01-23 19:14:45) C_MENUWND Get key!
[E]uiman(01-23 19:14:45) C_DESKTOP GM_KEYUP reponse.
[I]uiman(01-23 19:14:45) C_MENUWND Get key!
[E]uiman(01-23 19:14:46) C_DESKTOP GM_KEYUP reponse.
[I]uiman(01-23 19:14:46) C_MENUWND Get key!
[E]uiman(01-23 19:14:46) C_DESKTOP GM_KEYUP reponse.
[I]uiman(01-23 19:14:46) C_MENUWND Get key!
[E]uiman(01-23 19:14:46) C_DESKTOP GM_KEYUP reponse.
[I]uiman(01-23 19:14:47) C_MENUWND Get key!
[E]uiman(01-23 19:14:47) C_DESKTOP GM_KEYUP reponse.
[I]uiman(01-23 19:14:47) C_MENUWND Get key!
[E]uiman(01-23 19:14:47) C_DESKTOP GM_KEYUP reponse.
[I]uiman(01-23 19:14:48) C_MENUWND Get key!
[E]uiman(01-23 19:14:48) C_DESKTOP GM_KEYUP reponse.
[I]uiman(01-23 19:15:07) C_MENUWND Get key!
[E]uiman(01-23 19:15:07) C_DESKTOP GM_KEYUP reponse.
[I]uiman(01-23 19:15:08) C_MENUWND Get key!
[E]uiman(01-23 19:50:22) C_DESKTOP GM_KEYUP reponse.
[I]uiman(01-23 19:50:23) C_MENUWND Get key!
[E]uiman(01-23 19:50:26) C_DESKTOP GM_KEYUP reponse.
[I]uiman(01-23 19:50:30) C_MENUWND Get key!
[E]uiman(06-10 19:12:06) C_DESKTOP GM_KEYUP reponse.
[I]uiman(06-10 19:12:27) C_MENUWND Get key!
[E]uiman(06-10 19:22:07) C_DESKTOP GM_KEYUP reponse.
[I]uiman(06-10 19:22:13) C_MENUWND Get key!
[E]uiman(06-10 19:22:14) C_DESKTOP GM_KEYUP reponse.
[E]uiman(06-10 21:08:28) C_DESKTOP GM_KEYUP reponse.
[E]uiman(06-10 21:08:38) C_DESKTOP GM_KEYUP reponse.
[E]uiman(06-10 21:08:40) C_DESKTOP GM_KEYUP reponse.
[E]uiman(06-10 21:08:41) C_DESKTOP GM_KEYUP reponse.
[E]uiman(06-10 21:08:45) C_DESKTOP GM_KEYUP reponse.
[E]uiman(06-10 21:08:46) C_DESKTOP GM_KEYUP reponse.
[I]uiman(06-10 21:08:47) C_MENUWND Get key!
[E]uiman(06-10 21:10:16) C_DESKTOP GM_KEYUP reponse.
[E]uiman(06-10 21:10:20) C_DESKTOP GM_KEYUP reponse.
[E]uiman(06-10 21:10:21) C_DESKTOP GM_KEYUP reponse.
[E]uiman(06-10 21:10:25) C_DESKTOP GM_KEYUP reponse.
[E]uiman(06-10 21:10:26) C_DESKTOP GM_KEYUP reponse.
[E]uiman(06-10 21:10:28) C_DESKTOP GM_KEYUP reponse.
[E]uiman(06-10 21:10:30) C_DESKTOP GM_KEYUP reponse.
[E]uiman(06-10 21:10:32) C_DESKTOP GM_KEYUP reponse.
[I]uiman(06-10 21:10:33) C_MENUWND Get key!
[E]uiman(06-10 21:10:34) C_DESKTOP GM_KEYUP reponse.
[E]uiman(06-13 18:58:28) C_DESKTOP GM_KEYUP reponse.
[I]uiman(06-13 18:58:31) C_MENUWND Get key!
[E]uiman(06-13 18:58:32) C_DESKTOP GM_KEYUP reponse.
[I]uiman(06-13 18:58:38) C_MENUWND Get key!
[E]uiman(06-13 19:23:36) C_DESKTOP GM_KEYUP reponse.
[I]uiman(06-13 19:23:38) C_MENUWND Get key!
[E]uiman(06-13 19:23:38) C_DESKTOP GM_KEYUP reponse.
[I]uiman(06-13 19:23:39) C_MENUWND Get key!
[E]uiman(06-13 19:23:39) C_DESKTOP GM_KEYUP reponse.
[E]uiman(06-13 19:23:47) C_DESKTOP GM_KEYUP reponse.
[E]uiman(06-13 19:23:48) C_DESKTOP GM_KEYUP reponse.
[E]uiman(06-13 19:28:21) C_DESKTOP GM_KEYUP reponse.
[E]uiman(06-13 19:37:18) C_DESKTOP GM_KEYUP reponse.
[E]uiman(06-13 19:47:05) C_DESKTOP GM_KEYUP reponse.
[E]uiman(06-13 19:47:15) C_DESKTOP GM_KEYUP reponse.
[E]uiman(06-13 19:47:18) C_DESKTOP GM_KEYUP reponse.
[E]uiman(06-13 19:47:19) C_DESKTOP GM_KEYUP reponse.
[E]uiman(06-13 19:47:20) C_DESKTOP GM_KEYUP reponse.
[E]uiman(06-13 19:48:08) C_DESKTOP GM_KEYUP reponse.
[E]uiman(06-13 19:51:07) C_DESKTOP GM_KEYUP reponse.
[E]uiman(06-13 19:51:11) C_DESKTOP GM_KEYUP reponse.
[E]uiman(06-13 19:51:24) C_DESKTOP GM_KEYUP reponse.
[E]uiman(06-13 19:51:25) C_DESKTOP GM_KEYUP reponse.
[E]uiman(06-13 19:51:26) C_DESKTOP GM_KEYUP reponse.
[E]uiman(06-13 19:51:26) C_DESKTOP GM_KEYUP reponse.
[E]uiman(06-13 19:51:27) C_DESKTOP GM_KEYUP reponse.
[E]uiman(06-13 19:51:28) C_DESKTOP GM_KEYUP reponse.
[E]uiman(06-13 19:51:29) C_DESKTOP GM_KEYUP reponse.
[E]uiman(06-14 09:44:13) C_DESKTOP GM_KEYUP reponse.
[E]uiman(06-14 09:45:57) C_DESKTOP GM_KEYUP reponse.
[E]uiman(06-14 09:47:15) C_DESKTOP GM_KEYUP reponse.
[E]uiman(06-14 10:31:53) C_DESKTOP GM_KEYUP reponse.
[I]uiman(06-14 10:31:58) C_MENUWND Get key!
[E]uiman(06-14 10:31:59) C_DESKTOP GM_KEYUP reponse.
[I]uiman(06-14 10:32:01) C_MENUWND Get key!
[E]uiman(06-14 10:32:02) C_DESKTOP GM_KEYUP reponse.
[E]uiman(06-14 10:32:10) C_DESKTOP GM_KEYUP reponse.
[I]uiman(06-14 10:32:12) C_MENUWND Get key!
[E]uiman(06-14 10:32:13) C_DESKTOP GM_KEYUP reponse.
[E]uiman(06-14 10:33:17) C_DESKTOP GM_KEYUP reponse.
[I]uiman(06-14 10:33:20) C_MENUWND Get key!
[E]uiman(06-14 10:33:21) C_DESKTOP GM_KEYUP reponse.
[E]uiman(11-06 09:13:53) C_DESKTOP GM_KEYUP reponse.
[E]uiman(11-06 09:14:30) C_DESKTOP GM_KEYUP reponse.
[E]uiman(11-06 09:16:15) C_DESKTOP GM_KEYUP reponse.
[I]uiman(11-06 09:16:31) C_MENUWND Get key!
[E]uiman(11-06 09:16:32) C_DESKTOP GM_KEYUP reponse.
[I]uiman(11-06 09:16:32) C_MENUWND Get key!
[E]uiman(11-06 09:16:33) C_DESKTOP GM_KEYUP reponse.
[I]uiman(11-06 09:16:34) C_MENUWND Get key!
[E]uiman(11-06 09:20:28) C_DESKTOP GM_KEYUP reponse.
[E]uiman(11-06 09:20:36) C_DESKTOP GM_KEYUP reponse.
[E]uiman(11-06 10:01:41) C_DESKTOP GM_KEYUP reponse.
[E]uiman(11-06 10:05:08) C_DESKTOP GM_KEYUP reponse.
[E]uiman(11-06 10:05:51) C_DESKTOP GM_KEYUP reponse.
[E]uiman(11-06 10:21:06) C_DESKTOP GM_KEYUP reponse.
[E]uiman(11-06 10:21:28) C_DESKTOP GM_KEYUP reponse.
[E]uiman(11-06 10:23:11) C_DESKTOP GM_KEYUP reponse.
[E]uiman(11-06 10:24:42) C_DESKTOP GM_KEYUP reponse.
[E]uiman(11-06 10:25:51) C_DESKTOP GM_KEYUP reponse.
[E]uiman(11-06 10:30:15) C_DESKTOP GM_KEYUP reponse.
[E]uiman(11-06 10:34:36) C_DESKTOP GM_KEYUP reponse.
[E]uiman(11-06 10:47:24) C_DESKTOP GM_KEYUP reponse.
[E]uiman(11-06 10:49:03) C_DESKTOP GM_KEYUP reponse.
[E]uiman(11-06 10:49:33) C_DESKTOP GM_KEYUP reponse.
[E]uiman(11-06 10:57:22) C_DESKTOP GM_KEYUP reponse.
[E]uiman(11-06 10:57:56) C_DESKTOP GM_KEYUP reponse.
[E]uiman(11-06 10:58:12) C_DESKTOP GM_KEYUP reponse.
[E]uiman(11-06 10:58:16) C_DESKTOP GM_KEYUP reponse.
[E]uiman(11-06 10:58:18) C_DESKTOP GM_KEYUP reponse.
[E]uiman(11-06 10:58:20) C_DESKTOP GM_KEYUP reponse.
[E]uiman(11-06 11:07:23) C_DESKTOP GM_KEYUP reponse.
[E]uiman(11-06 11:08:37) C_DESKTOP GM_KEYUP reponse.
[E]uiman(11-06 11:09:46) C_DESKTOP GM_KEYUP reponse.
[E]uiman(11-06 11:10:09) C_DESKTOP GM_KEYUP reponse.
[E]uiman(11-06 11:10:15) C_DESKTOP GM_KEYUP reponse.
[I]uiman(11-06 11:10:16) C_MENUWND Get key!
[E]uiman(11-06 11:10:17) C_DESKTOP GM_KEYUP reponse.
[E]uiman(11-06 11:45:20) C_DESKTOP GM_KEYUP reponse.
[E]uiman(11-06 11:45:52) C_DESKTOP GM_KEYUP reponse.
[E]uiman(11-06 11:46:01) C_DESKTOP GM_KEYUP reponse.
[E]uiman(11-06 12:38:29) C_DESKTOP GM_KEYUP reponse.
[E]uiman(11-06 12:38:43) C_DESKTOP GM_KEYUP reponse.
[E]uiman(11-06 12:51:07) C_DESKTOP GM_KEYUP reponse.
[E]uiman(11-06 12:52:27) C_DESKTOP GM_KEYUP reponse.
[E]uiman(11-06 12:54:48) C_DESKTOP GM_KEYUP reponse.
[E]uiman(11-06 12:55:47) C_DESKTOP GM_KEYUP reponse.
[E]uiman(11-06 12:58:27) C_DESKTOP GM_KEYUP reponse.
[E]uiman(11-06 13:21:04) C_DESKTOP GM_KEYUP reponse.
[E]uiman(11-06 13:24:51) C_DESKTOP GM_KEYUP reponse.
[E]uiman(11-06 13:27:09) C_DESKTOP GM_KEYUP reponse.
[E]uiman(11-06 13:34:03) C_DESKTOP GM_KEYUP reponse.
[E]uiman(11-06 13:43:23) C_DESKTOP GM_KEYUP reponse.
[E]uiman(11-06 13:56:48) C_DESKTOP GM_KEYUP reponse.
[I]uiman(11-06 13:56:54) C_MENUWND Get key!
[E]uiman(11-06 13:56:55) C_DESKTOP GM_KEYUP reponse.
[I]uiman(11-06 13:57:11) C_MENUWND Get key!
[E]uiman(11-06 13:57:12) C_DESKTOP GM_KEYUP reponse.
[E]uiman(11-06 14:51:23) C_DESKTOP GM_KEYUP reponse.
[I]uiman(11-06 14:52:12) C_MENUWND Get key!
[E]uiman(11-06 14:52:13) C_DESKTOP GM_KEYUP reponse.
[E]uiman(11-06 14:54:32) C_DESKTOP GM_KEYUP reponse.
[E]uiman(11-06 14:55:32) C_DESKTOP GM_KEYUP reponse.
[E]uiman(11-06 14:59:59) C_DESKTOP GM_KEYUP reponse.
[E]uiman(11-06 15:03:18) C_DESKTOP GM_KEYUP reponse.
[E]uiman(11-06 15:12:25) C_DESKTOP GM_KEYUP reponse.
[E]uiman(11-06 15:13:29) C_DESKTOP GM_KEYUP reponse.
[E]uiman(11-06 15:15:47) C_DESKTOP GM_KEYUP reponse.
[E]uiman(11-06 15:16:52) C_DESKTOP GM_KEYUP reponse.
[E]uiman(11-06 15:20:42) C_DESKTOP GM_KEYUP reponse.
[E]uiman(11-06 15:23:15) C_DESKTOP GM_KEYUP reponse.
[E]uiman(11-06 15:24:51) C_DESKTOP GM_KEYUP reponse.
[E]uiman(11-06 15:25:55) C_DESKTOP GM_KEYUP reponse.
[E]uiman(11-06 15:27:36) C_DESKTOP GM_KEYUP reponse.
[E]uiman(11-06 15:44:27) C_DESKTOP GM_KEYUP reponse.
[E]uiman(11-06 15:46:36) C_DESKTOP GM_KEYUP reponse.
[E]uiman(11-06 17:20:02) C_DESKTOP GM_KEYUP reponse.
[E]uiman(11-06 17:20:43) C_DESKTOP GM_KEYUP reponse.
[E]uiman(11-06 17:26:12) C_DESKTOP GM_KEYUP reponse.
[E]uiman(11-06 17:27:22) C_DESKTOP GM_KEYUP reponse.
[E]uiman(11-06 17:28:51) C_DESKTOP GM_KEYUP reponse.
[E]uiman(11-06 17:29:49) C_DESKTOP GM_KEYUP reponse.
[E]uiman(11-06 17:31:29) C_DESKTOP GM_KEYUP reponse.
[E]uiman(11-06 17:32:37) C_DESKTOP GM_KEYUP reponse.
[E]uiman(11-06 17:33:31) C_DESKTOP GM_KEYUP reponse.
[E]uiman(11-06 17:34:00) C_DESKTOP GM_KEYUP reponse.
[E]uiman(11-06 17:34:58) C_DESKTOP GM_KEYUP reponse.
[E]uiman(11-06 17:43:06) C_DESKTOP GM_KEYUP reponse.
[E]uiman(11-06 17:45:35) C_DESKTOP GM_KEYUP reponse.
[E]uiman(11-06 17:46:48) C_DESKTOP GM_KEYUP reponse.
[E]uiman(11-06 17:47:52) C_DESKTOP GM_KEYUP reponse.
[E]uiman(11-06 17:58:38) C_DESKTOP GM_KEYUP reponse.
[E]uiman(11-06 18:06:27) C_DESKTOP GM_KEYUP reponse.
[E]uiman(11-06 18:07:24) C_DESKTOP GM_KEYUP reponse.
[E]uiman(11-06 18:10:16) C_DESKTOP GM_KEYUP reponse.
[E]uiman(11-06 18:11:08) C_DESKTOP GM_KEYUP reponse.
[E]uiman(11-06 18:12:47) C_DESKTOP GM_KEYUP reponse.
[E]uiman(11-06 18:16:13) C_DESKTOP GM_KEYUP reponse.
[E]uiman(11-06 18:21:24) C_DESKTOP GM_KEYUP reponse.
[E]uiman(11-06 18:23:11) C_DESKTOP GM_KEYUP reponse.
[E]uiman(11-06 18:23:37) C_DESKTOP GM_KEYUP reponse.
[E]uiman(11-06 18:24:04) C_DESKTOP GM_KEYUP reponse.
[I]uiman(11-06 18:25:45) C_MENUWND Get key!
[E]uiman(11-06 18:25:45) C_DESKTOP GM_KEYUP reponse.
[I]uiman(11-06 18:25:46) C_MENUWND Get key!
[E]uiman(11-06 18:25:46) C_DESKTOP GM_KEYUP reponse.
[I]uiman(11-06 18:25:46) C_MENUWND Get key!
[E]uiman(11-06 18:25:46) C_DESKTOP GM_KEYUP reponse.
[I]uiman(11-06 18:25:46) C_MENUWND Get key!
[E]uiman(11-06 18:25:46) C_DESKTOP GM_KEYUP reponse.
[E]uiman(11-06 21:06:01) C_DESKTOP GM_KEYUP reponse.
[E]uiman(11-06 21:07:44) C_DESKTOP GM_KEYUP reponse.
[E]uiman(11-06 21:18:01) C_DESKTOP GM_KEYUP reponse.
[E]uiman(11-06 21:34:36) C_DESKTOP GM_KEYUP reponse.
[E]uiman(11-06 21:39:13) C_DESKTOP GM_KEYUP reponse.
[E]uiman(11-06 21:40:53) C_DESKTOP GM_KEYUP reponse.
[E]uiman(11-06 21:45:36) C_DESKTOP GM_KEYUP reponse.
[E]uiman(11-06 21:51:40) C_DESKTOP GM_KEYUP reponse.
[E]uiman(11-06 22:10:25) C_DESKTOP GM_KEYUP reponse.
[E]uiman(11-07 09:17:14) C_DESKTOP GM_KEYUP reponse.
[E]uiman(11-07 09:19:02) C_DESKTOP GM_KEYUP reponse.
[E]uiman(11-07 10:10:32) C_DESKTOP GM_KEYUP reponse.
[E]uiman(11-07 10:12:34) C_DESKTOP GM_KEYUP reponse.
[E]uiman(11-07 11:11:22) C_DESKTOP GM_KEYUP reponse.
[E]uiman(11-07 11:13:20) C_DESKTOP GM_KEYUP reponse.
[E]uiman(11-07 11:17:44) C_DESKTOP GM_KEYUP reponse.
[E]uiman(11-07 11:22:00) C_DESKTOP GM_KEYUP reponse.
[E]uiman(11-07 11:25:55) C_DESKTOP GM_KEYUP reponse.
[E]uiman(11-07 11:27:19) C_DESKTOP GM_KEYUP reponse.
[E]uiman(11-07 12:15:20) C_DESKTOP GM_KEYUP reponse.
[E]uiman(11-07 13:23:26) C_DESKTOP GM_KEYUP reponse.
[E]uiman(11-07 13:24:07) C_DESKTOP GM_KEYUP reponse.
[E]uiman(11-07 13:24:22) C_DESKTOP GM_KEYUP reponse.
[E]uiman(11-07 13:29:20) C_DESKTOP GM_KEYUP reponse.
[I]uiman(11-07 13:29:38) C_MENUWND Get key!
[E]uiman(11-07 13:29:39) C_DESKTOP GM_KEYUP reponse.
[I]uiman(11-07 13:30:41) C_MENUWND Get key!
[E]uiman(11-07 13:30:41) C_DESKTOP GM_KEYUP reponse.
[I]uiman(11-07 13:30:43) C_MENUWND Get key!
[E]uiman(11-07 13:30:43) C_DESKTOP GM_KEYUP reponse.
[I]uiman(11-07 13:30:43) C_MENUWND Get key!
[E]uiman(11-07 13:30:43) C_DESKTOP GM_KEYUP reponse.
[E]uiman(11-07 13:47:23) C_DESKTOP GM_KEYUP reponse.
[E]uiman(11-07 15:10:31) C_DESKTOP GM_KEYUP reponse.
[E]uiman(11-07 15:13:24) C_DESKTOP GM_KEYUP reponse.
[E]uiman(11-07 15:15:26) C_DESKTOP GM_KEYUP reponse.
[I]uiman(11-07 15:15:48) C_MENUWND Get key!
[E]uiman(11-07 15:15:49) C_DESKTOP GM_KEYUP reponse.
[E]uiman(11-17 22:09:25) C_DESKTOP GM_KEYUP reponse.
[I]uiman(11-17 22:10:20) C_MENUWND Get key!
[E]uiman(11-17 22:12:43) C_DESKTOP GM_KEYUP reponse.
[E]uiman(11-17 22:13:34) C_DESKTOP GM_KEYUP reponse.
[E]uiman(11-18 18:20:32) C_DESKTOP GM_KEYUP reponse.
[E]uiman(11-18 18:24:29) C_DESKTOP GM_KEYUP reponse.
[E]uiman(11-18 18:31:16) C_DESKTOP GM_KEYUP reponse.
[E]uiman(11-18 18:34:07) C_DESKTOP GM_KEYUP reponse.
[E]uiman(11-18 18:35:12) C_DESKTOP GM_KEYUP reponse.
[E]uiman(11-18 18:37:04) C_DESKTOP GM_KEYUP reponse.
[E]uiman(11-18 18:39:21) C_DESKTOP GM_KEYUP reponse.
[E]uiman(11-18 18:42:58) C_DESKTOP GM_KEYUP reponse.
[E]uiman(11-18 19:23:45) C_DESKTOP GM_KEYUP reponse.
[E]uiman(12-25 19:21:25) C_DESKTOP GM_KEYUP response.
[E]uiman(12-25 19:24:20) C_DESKTOP GM_KEYUP response.
[E]uiman(12-25 19:25:45) C_DESKTOP GM_KEYUP response.
[E]uiman(12-25 19:26:50) C_DESKTOP GM_KEYUP response.
[E]uiman(12-25 19:29:05) C_DESKTOP GM_KEYUP response.
[E]uiman(12-25 19:36:23) C_DESKTOP GM_KEYUP response.
[E]uiman(12-25 19:38:22) C_DESKTOP GM_KEYUP response.
[E]uiman(12-25 19:39:42) C_DESKTOP GM_KEYUP response.
[E]uiman(12-25 19:40:14) C_DESKTOP GM_KEYUP response.
[E]uiman(12-25 19:44:58) C_DESKTOP GM_KEYUP response.
[E]uiman(12-25 19:52:46) C_DESKTOP GM_KEYUP response.
[I]uiman(12-25 19:53:33) Send ppp msg:41 41 41 41 41 41 41 45 45 45 45 45 45 45 20 20 20 20 20 20 20 .
[I]uiman(12-25 19:53:35) Send ppp msg:41 41 41 41 41 41 41 45 45 45 45 45 45 45 20 20 20 20 20 20 20 .
[I]uiman(12-25 19:53:35) Send ppp msg:41 41 41 41 41 41 41 45 45 45 45 45 45 45 20 20 20 20 20 20 20 .
[E]uiman(12-25 20:11:58) C_DESKTOP GM_KEYUP response.
[I]uiman(12-25 20:12:35) Send ppp msg:31 33 35 36 30 33 30 33 33 39 36 .
[E]uiman(12-26 11:59:56) C_DESKTOP GM_KEYUP response.
[E]uiman(12-26 12:15:05) C_DESKTOP GM_KEYUP response.
[E]uiman(07-28 15:49:45) C_DESKTOP GM_KEYUP response.
[I]uiman(07-28 15:51:10) Send ppp msg:31 33 35 36 30 33 30 33 33 39 36 20 20 20 20 20 20 20 20 20 20 20 20 20 20 20 20 20 20 20 20 20 .
[E]uiman(10-28 15:35:54) C_DESKTOP GM_KEYUP response.
[I]uiman(10-28 15:36:02) C_MENUWND Get key!
[E]uiman(10-28 15:36:02) C_DESKTOP GM_KEYUP response.
[I]uiman(10-28 15:36:05) C_MENUWND Get key!
[E]uiman(10-28 15:36:05) C_DESKTOP GM_KEYUP response.
[I]uiman(10-28 15:36:06) C_MENUWND Get key!
[E]uiman(10-28 15:36:06) C_DESKTOP GM_KEYUP response.
[I]uiman(10-28 15:36:06) C_MENUWND Get key!
[E]uiman(10-28 15:36:06) C_DESKTOP GM_KEYUP response.
[I]uiman(10-28 15:36:07) C_MENUWND Get key!
[E]uiman(10-28 15:36:07) C_DESKTOP GM_KEYUP response.
[I]uiman(10-28 15:36:07) C_MENUWND Get key!
[E]uiman(10-28 15:36:07) C_DESKTOP GM_KEYUP response.
[I]uiman(10-28 15:37:11) C_MENUWND Get key!
