[E]httx1(01-14 20:09:25) httx1 server is running!
[E]httx1(01-14 20:09:26) httx1 server is running!
[E]httx1(01-14 20:09:27) httx1 server is running!
[E]httx1(01-14 20:09:28) httx1 server is running!
[E]httx1(01-14 20:09:29) httx1 server is running!
[E]httx1(01-14 20:09:30) httx1 server is running!
[E]httx1(01-14 20:09:31) httx1 server is running!
[E]httx1(01-14 20:09:32) httx1 server is running!
[E]httx1(01-14 20:09:33) httx1 server is running!
[E]httx1(01-14 20:09:34) httx1 server is running!
[E]httx1(01-14 20:09:35) httx1 server is running!
[E]httx1(01-14 20:11:08) httx1 server is running!
[E]httx1(01-14 20:11:37) httx1 server is running!
[E]httx1(04-12 20:01:14) C_HTTX1 server is running!
[E]httx1(04-12 20:01:16) C_HTTX1 server is running!
[E]httx1(04-12 20:01:18) C_HTTX1 server is running!
[E]httx1(04-12 20:01:20) C_HTTX1 server is running!
[E]httx1(04-15 20:40:30) C_HTTX1 server is running!
[E]httx1(04-15 20:40:33) C_HTTX1 server is running!
[E]httx1(04-15 20:40:35) C_HTTX1 server is running!
[E]httx1(04-15 20:40:37) C_HTTX1 server is running!
[E]httx1(04-15 20:40:39) C_HTTX1 server is running!
[E]httx1(04-15 20:40:41) C_HTTX1 server is running!
[E]httx1(04-15 20:40:43) C_HTTX1 server is running!
[E]httx1(04-15 20:40:45) C_HTTX1 server is running!
[E]httx1(04-15 20:40:47) C_HTTX1 server is running!
[W]httx1(04-27 18:11:25) Create connection failed for channel forward
[W]httx1(04-27 18:11:26) Create connection failed for channel forward
[W]httx1(04-27 18:11:27) Create connection failed for channel forward
[W]httx1(04-27 18:11:28) Create connection failed for channel forward
[W]httx1(04-27 18:11:29) Create connection failed for channel forward
[W]httx1(04-27 18:11:30) Create connection failed for channel forward
[W]httx1(04-27 18:11:31) Create connection failed for channel forward
[W]httx1(04-27 18:11:32) Create connection failed for channel forward
[W]httx1(04-27 18:11:33) Create connection failed for channel forward
[W]httx1(04-27 18:11:34) Create connection failed for channel forward
[W]httx1(04-27 18:11:35) Create connection failed for channel forward
[W]httx1(04-27 18:11:36) Create connection failed for channel forward
[W]httx1(04-27 18:11:37) Create connection failed for channel forward
[W]httx1(04-27 18:11:38) Create connection failed for channel forward
[W]httx1(04-27 18:11:55) Create connection failed for channel forward
[I]httx1(04-27 19:56:13) forward:Try to connect...
[I]httx1(04-27 19:56:26) forward:Connect succeed.
